[debug] [2023-01-11T18:05:37.139Z] ----------------------------------------------------------------------
[debug] [2023-01-11T18:05:37.141Z] Command:       C:\Program Files\nodejs\node.exe C:\Users\maddi\AppData\Roaming\npm\node_modules\firebase-tools\lib\bin\firebase.js init
[debug] [2023-01-11T18:05:37.141Z] CLI Version:   11.20.0
[debug] [2023-01-11T18:05:37.142Z] Platform:      win32
[debug] [2023-01-11T18:05:37.142Z] Node Version:  v18.4.0
[debug] [2023-01-11T18:05:37.143Z] Time:          Wed Jan 11 2023 23:35:37 GMT+0530 (India Standard Time)
[debug] [2023-01-11T18:05:37.143Z] ----------------------------------------------------------------------
[debug] 
[debug] [2023-01-11T18:05:37.151Z] > command requires scopes: ["email","openid","https://www.googleapis.com/auth/cloudplatformprojects.readonly","https://www.googleapis.com/auth/firebase","https://www.googleapis.com/auth/cloud-platform"]
[debug] [2023-01-11T18:05:37.151Z] > authorizing via signed-in user (maddineniramkumar29@gmail.com)
[info] 
     ######## #### ########  ######## ########     ###     ######  ########
     ##        ##  ##     ## ##       ##     ##  ##   ##  ##       ##
     ######    ##  ########  ######   ########  #########  ######  ######
     ##        ##  ##    ##  ##       ##     ## ##     ##       ## ##
     ##       #### ##     ## ######## ########  ##     ##  ######  ########

You're about to initialize a Firebase project in this directory:

  D:\DSA_intern\web\dave_greyReactCourse\tutorial_1

[info] 
=== Project Setup
[info] 
[info] First, let's associate this project directory with a Firebase project.
[info] You can create multiple project aliases by running firebase use --add, 
[info] but for now we'll just set up a default project.
[info] 
[info] i  If you want to create a project in a Google Cloud organization or folder, please use "firebase projects:create" instead, and return to this command when you've created the project. 
[debug] [2023-01-11T18:06:17.861Z] >>> [apiv2][query] POST https://cloudresourcemanager.googleapis.com/v1/projects [none]
[debug] [2023-01-11T18:06:17.861Z] >>> [apiv2][body] POST https://cloudresourcemanager.googleapis.com/v1/projects {"projectId":"grocerylist","name":"grocerylist"}
[debug] [2023-01-11T18:06:19.895Z] <<< [apiv2][status] POST https://cloudresourcemanager.googleapis.com/v1/projects 409
[debug] [2023-01-11T18:06:19.895Z] <<< [apiv2][body] POST https://cloudresourcemanager.googleapis.com/v1/projects {"error":{"code":409,"message":"Requested entity already exists","status":"ALREADY_EXISTS"}}
[debug] [2023-01-11T18:06:20.264Z] FirebaseError: HTTP Error: 409, Requested entity already exists
    at responseToError (C:\Users\maddi\AppData\Roaming\npm\node_modules\firebase-tools\lib\responseToError.js:49:12)
    at RetryOperation._fn (C:\Users\maddi\AppData\Roaming\npm\node_modules\firebase-tools\lib\apiv2.js:288:77)
    at process.processTicksAndRejections (node:internal/process/task_queues:95:5)
[error] 
[error] Error: Failed to create project because there is already a project with ID grocerylist. Please try again with a unique project ID.
[debug] [2023-01-11T18:06:31.429Z] ----------------------------------------------------------------------
[debug] [2023-01-11T18:06:31.431Z] Command:       C:\Program Files\nodejs\node.exe C:\Users\maddi\AppData\Roaming\npm\node_modules\firebase-tools\lib\bin\firebase.js init
[debug] [2023-01-11T18:06:31.431Z] CLI Version:   11.20.0
[debug] [2023-01-11T18:06:31.431Z] Platform:      win32
[debug] [2023-01-11T18:06:31.431Z] Node Version:  v18.4.0
[debug] [2023-01-11T18:06:31.432Z] Time:          Wed Jan 11 2023 23:36:31 GMT+0530 (India Standard Time)
[debug] [2023-01-11T18:06:31.433Z] ----------------------------------------------------------------------
[debug] 
[debug] [2023-01-11T18:06:31.441Z] > command requires scopes: ["email","openid","https://www.googleapis.com/auth/cloudplatformprojects.readonly","https://www.googleapis.com/auth/firebase","https://www.googleapis.com/auth/cloud-platform"]
[debug] [2023-01-11T18:06:31.441Z] > authorizing via signed-in user (maddineniramkumar29@gmail.com)
[info] 
     ######## #### ########  ######## ########     ###     ######  ########
     ##        ##  ##     ## ##       ##     ##  ##   ##  ##       ##
     ######    ##  ########  ######   ########  #########  ######  ######
     ##        ##  ##    ##  ##       ##     ## ##     ##       ## ##
     ##       #### ##     ## ######## ########  ##     ##  ######  ########

You're about to initialize a Firebase project in this directory:

  D:\DSA_intern\web\dave_greyReactCourse\tutorial_1

[debug] [2023-01-11T18:08:49.589Z] ----------------------------------------------------------------------
[debug] [2023-01-11T18:08:49.592Z] Command:       C:\Program Files\nodejs\node.exe C:\Users\maddi\AppData\Roaming\npm\node_modules\firebase-tools\lib\bin\firebase.js init
[debug] [2023-01-11T18:08:49.593Z] CLI Version:   11.20.0
[debug] [2023-01-11T18:08:49.593Z] Platform:      win32
[debug] [2023-01-11T18:08:49.593Z] Node Version:  v18.4.0
[debug] [2023-01-11T18:08:49.605Z] Time:          Wed Jan 11 2023 23:38:49 GMT+0530 (India Standard Time)
[debug] [2023-01-11T18:08:49.605Z] ----------------------------------------------------------------------
[debug] 
[debug] [2023-01-11T18:08:49.616Z] > command requires scopes: ["email","openid","https://www.googleapis.com/auth/cloudplatformprojects.readonly","https://www.googleapis.com/auth/firebase","https://www.googleapis.com/auth/cloud-platform"]
[debug] [2023-01-11T18:08:49.616Z] > authorizing via signed-in user (maddineniramkumar29@gmail.com)
[info] 
     ######## #### ########  ######## ########     ###     ######  ########
     ##        ##  ##     ## ##       ##     ##  ##   ##  ##       ##
     ######    ##  ########  ######   ########  #########  ######  ######
     ##        ##  ##    ##  ##       ##     ## ##     ##       ## ##
     ##       #### ##     ## ######## ########  ##     ##  ######  ########

You're about to initialize a Firebase project in this directory:

  D:\DSA_intern\web\dave_greyReactCourse\tutorial_1

[info] 
=== Project Setup
[info] 
[info] First, let's associate this project directory with a Firebase project.
[info] You can create multiple project aliases by running firebase use --add, 
[info] but for now we'll just set up a default project.
[info] 
[info] i  If you want to create a project in a Google Cloud organization or folder, please use "firebase projects:create" instead, and return to this command when you've created the project. 
[debug] [2023-01-11T18:09:09.961Z] >>> [apiv2][query] POST https://cloudresourcemanager.googleapis.com/v1/projects [none]
[debug] [2023-01-11T18:09:09.961Z] >>> [apiv2][body] POST https://cloudresourcemanager.googleapis.com/v1/projects {"projectId":"asdfghjklmnbvcxz","name":"grocery-list"}
[debug] [2023-01-11T18:09:12.355Z] <<< [apiv2][status] POST https://cloudresourcemanager.googleapis.com/v1/projects 200
[debug] [2023-01-11T18:09:12.356Z] <<< [apiv2][body] POST https://cloudresourcemanager.googleapis.com/v1/projects {"name":"operations/cp.7504386370679602678"}
[debug] [2023-01-11T18:09:12.359Z] >>> [apiv2][query] GET https://cloudresourcemanager.googleapis.com/v1/operations/cp.7504386370679602678 [none]
[debug] [2023-01-11T18:09:14.162Z] <<< [apiv2][status] GET https://cloudresourcemanager.googleapis.com/v1/operations/cp.7504386370679602678 200
[debug] [2023-01-11T18:09:14.163Z] <<< [apiv2][body] GET https://cloudresourcemanager.googleapis.com/v1/operations/cp.7504386370679602678 {"name":"operations/cp.7504386370679602678","metadata":{"@type":"type.googleapis.com/google.cloudresourcemanager.v1.ProjectCreationStatus","ready":true},"done":true,"error":{"code":9,"message":"Callers must accept Terms of Service","details":[{"@type":"type.googleapis.com/google.rpc.PreconditionFailure","violations":[{"type":"TOS","subject":"cloud","description":"Callers must accept Terms of Service"}]}]}}
[debug] [2023-01-11T18:09:14.521Z] FirebaseError: Callers must accept Terms of Service
    at OperationPoller.poll (C:\Users\maddi\AppData\Roaming\npm\node_modules\firebase-tools\lib\operation-poller.js:24:19)
    at process.processTicksAndRejections (node:internal/process/task_queues:95:5)
    at async createCloudProject (C:\Users\maddi\AppData\Roaming\npm\node_modules\firebase-tools\lib\management\projects.js:186:29)
    at async createFirebaseProjectAndLog (C:\Users\maddi\AppData\Roaming\npm\node_modules\firebase-tools\lib\management\projects.js:45:9)
    at async promptAndCreateNewProject (C:\Users\maddi\AppData\Roaming\npm\node_modules\firebase-tools\lib\init\features\project.js:32:12)
    at async doSetup (C:\Users\maddi\AppData\Roaming\npm\node_modules\firebase-tools\lib\init\features\project.js:88:27)
    at async init (C:\Users\maddi\AppData\Roaming\npm\node_modules\firebase-tools\lib\init\index.js:36:9)
[error] 
[error] Error: Failed to create project. See firebase-debug.log for more info.
[debug] [2023-01-11T18:10:51.026Z] ----------------------------------------------------------------------
[debug] [2023-01-11T18:10:51.028Z] Command:       C:\Program Files\nodejs\node.exe C:\Users\maddi\AppData\Roaming\npm\node_modules\firebase-tools\lib\bin\firebase.js init
[debug] [2023-01-11T18:10:51.028Z] CLI Version:   11.20.0
[debug] [2023-01-11T18:10:51.029Z] Platform:      win32
[debug] [2023-01-11T18:10:51.029Z] Node Version:  v18.4.0
[debug] [2023-01-11T18:10:51.030Z] Time:          Wed Jan 11 2023 23:40:51 GMT+0530 (India Standard Time)
[debug] [2023-01-11T18:10:51.030Z] ----------------------------------------------------------------------
[debug] 
[debug] [2023-01-11T18:10:51.037Z] > command requires scopes: ["email","openid","https://www.googleapis.com/auth/cloudplatformprojects.readonly","https://www.googleapis.com/auth/firebase","https://www.googleapis.com/auth/cloud-platform"]
[debug] [2023-01-11T18:10:51.038Z] > authorizing via signed-in user (maddineniramkumar29@gmail.com)
[info] 
     ######## #### ########  ######## ########     ###     ######  ########
     ##        ##  ##     ## ##       ##     ##  ##   ##  ##       ##
     ######    ##  ########  ######   ########  #########  ######  ######
     ##        ##  ##    ##  ##       ##     ## ##     ##       ## ##
     ##       #### ##     ## ######## ########  ##     ##  ######  ########

You're about to initialize a Firebase project in this directory:

  D:\DSA_intern\web\dave_greyReactCourse\tutorial_1

[info] 
=== Project Setup
[info] 
[info] First, let's associate this project directory with a Firebase project.
[info] You can create multiple project aliases by running firebase use --add, 
[info] but for now we'll just set up a default project.
[info] 
[info] i  If you want to create a project in a Google Cloud organization or folder, please use "firebase projects:create" instead, and return to this command when you've created the project. 
[debug] [2023-01-11T18:11:09.628Z] >>> [apiv2][query] POST https://cloudresourcemanager.googleapis.com/v1/projects [none]
[debug] [2023-01-11T18:11:09.629Z] >>> [apiv2][body] POST https://cloudresourcemanager.googleapis.com/v1/projects {"projectId":"asdfghjklpoiuytrewq","name":"grocery-list"}
[debug] [2023-01-11T18:11:12.044Z] <<< [apiv2][status] POST https://cloudresourcemanager.googleapis.com/v1/projects 200
[debug] [2023-01-11T18:11:12.044Z] <<< [apiv2][body] POST https://cloudresourcemanager.googleapis.com/v1/projects {"name":"operations/cp.5167768929697551821"}
[debug] [2023-01-11T18:11:12.046Z] >>> [apiv2][query] GET https://cloudresourcemanager.googleapis.com/v1/operations/cp.5167768929697551821 [none]
[debug] [2023-01-11T18:11:14.271Z] <<< [apiv2][status] GET https://cloudresourcemanager.googleapis.com/v1/operations/cp.5167768929697551821 200
[debug] [2023-01-11T18:11:14.272Z] <<< [apiv2][body] GET https://cloudresourcemanager.googleapis.com/v1/operations/cp.5167768929697551821 {"name":"operations/cp.5167768929697551821","metadata":{"@type":"type.googleapis.com/google.cloudresourcemanager.v1.ProjectCreationStatus","ready":true},"done":true,"error":{"code":9,"message":"Callers must accept Terms of Service","details":[{"@type":"type.googleapis.com/google.rpc.PreconditionFailure","violations":[{"type":"TOS","subject":"cloud","description":"Callers must accept Terms of Service"}]}]}}
[debug] [2023-01-11T18:11:14.760Z] FirebaseError: Callers must accept Terms of Service
    at OperationPoller.poll (C:\Users\maddi\AppData\Roaming\npm\node_modules\firebase-tools\lib\operation-poller.js:24:19)
    at process.processTicksAndRejections (node:internal/process/task_queues:95:5)
    at async createCloudProject (C:\Users\maddi\AppData\Roaming\npm\node_modules\firebase-tools\lib\management\projects.js:186:29)
    at async createFirebaseProjectAndLog (C:\Users\maddi\AppData\Roaming\npm\node_modules\firebase-tools\lib\management\projects.js:45:9)
    at async promptAndCreateNewProject (C:\Users\maddi\AppData\Roaming\npm\node_modules\firebase-tools\lib\init\features\project.js:32:12)
    at async doSetup (C:\Users\maddi\AppData\Roaming\npm\node_modules\firebase-tools\lib\init\features\project.js:88:27)
    at async init (C:\Users\maddi\AppData\Roaming\npm\node_modules\firebase-tools\lib\init\index.js:36:9)
[error] 
[error] Error: Failed to create project. See firebase-debug.log for more info.
